[2026-01-08 12:09:36,726] INFO: Watching for file changes with StatReloader
[2026-01-08 12:09:38,021] WARNING: Not Found: /favicon.ico
[2026-01-08 12:09:49,935] WARNING: syauqi.siraj gagal menghapus file ID 32
[2026-01-08 12:09:57,718] WARNING: Not Found: /download/33/
[2026-01-08 12:11:54,577] INFO: D:\Django\myproject\posts\views.py changed, reloading.
[2026-01-08 12:11:55,272] INFO: Watching for file changes with StatReloader
[2026-01-08 12:12:00,138] INFO: Watching for file changes with StatReloader
[2026-01-08 12:12:16,614] WARNING: Not Found: /download/33/
[2026-01-08 12:12:47,923] INFO: D:\Django\myproject\posts\views.py changed, reloading.
[2026-01-08 12:12:48,612] INFO: Watching for file changes with StatReloader
[2026-01-08 12:49:28,834] INFO: D:\Django\myproject\myproject\settings.py changed, reloading.
[2026-01-08 12:49:29,702] INFO: Watching for file changes with StatReloader
[2026-01-08 12:56:21,810] WARNING: Not Found: /.well-known/appspecific/com.chrome.devtools.json
[2026-01-08 12:57:39,960] WARNING: syauqi.siraj menghapus file ID 32
[2026-01-08 12:57:40,027] WARNING: Not Found: /.well-known/appspecific/com.chrome.devtools.json
[2026-01-08 12:57:57,551] WARNING: Not Found: /.well-known/appspecific/com.chrome.devtools.json
[2026-01-08 12:58:17,656] WARNING: syauqi.siraj menghapus file ID 33
[2026-01-08 12:58:17,707] WARNING: Not Found: /.well-known/appspecific/com.chrome.devtools.json
[2026-01-08 12:59:30,614] WARNING: Not Found: /.well-known/appspecific/com.chrome.devtools.json
[2026-01-08 13:00:42,711] WARNING: Forbidden (Origin checking failed - null does not match any trusted origins.): /delete/34/
[2026-01-08 13:04:51,730] WARNING: Gagal login ke-1 untuk user admin' OR '1'='1
[2026-01-08 13:05:07,706] WARNING: Gagal login ke-2 untuk user admin' OR '1'='1
[2026-01-08 13:06:46,432] WARNING: aldo.dwi menghapus file ID 35
[2026-01-08 13:26:15,615] WARNING: Not Found: /downloads/36/
[2026-01-08 13:32:35,116] WARNING: Not Found: /.well-known/appspecific/com.chrome.devtools.json
[2026-01-08 15:41:04,227] INFO: Watching for file changes with StatReloader
[2026-01-08 15:41:05,860] WARNING: Not Found: /favicon.ico
